-------------------------------------------------------------------------------
Test set: RegistrationTest
-------------------------------------------------------------------------------
Tests run: 2, Failures: 0, Errors: 1, Skipped: 0, Time elapsed: 69.319 s <<< FAILURE! - in RegistrationTest
registrationNewUser(RegistrationTest)  Time elapsed: 24.217 s  <<< ERROR!
org.openqa.selenium.NoSuchElementException: 
no such element: Unable to locate element: {"method":"xpath","selector":".//button[text()='Войти']"}
  (Session info: chrome=137.0.7151.120)
For documentation on this error, please visit: https://www.selenium.dev/documentation/webdriver/troubleshooting/errors#no-such-element-exception
Build info: version: '4.15.0', revision: '1d14b5521b'
System info: os.name: 'Mac OS X', os.arch: 'x86_64', os.version: '14.2.1', java.version: '11.0.26'
Driver info: org.openqa.selenium.chrome.ChromeDriver
Command: [26fbe718e571eede8b0db5c4b6df57ab, findElement {using=xpath, value=.//button[text()='Войти']}]
Capabilities {acceptInsecureCerts: false, browserName: chrome, browserVersion: 137.0.7151.120, chrome: {chromedriverVersion: 137.0.7151.119 (e0ac9d12dff..., userDataDir: /var/folders/r_/s68knj596lv...}, fedcm:accounts: true, goog:chromeOptions: {debuggerAddress: localhost:54702}, networkConnectionEnabled: false, pageLoadStrategy: normal, platformName: mac, proxy: Proxy(), se:cdp: ws://localhost:54702/devtoo..., se:cdpVersion: 137.0.7151.120, setWindowRect: true, strictFileInteractability: false, timeouts: {implicit: 0, pageLoad: 300000, script: 30000}, unhandledPromptBehavior: dismiss and notify, webauthn:extension:credBlob: true, webauthn:extension:largeBlob: true, webauthn:extension:minPinLength: true, webauthn:extension:prf: true, webauthn:virtualAuthenticators: true}
Session ID: 26fbe718e571eede8b0db5c4b6df57ab
	at RegistrationTest.registrationNewUser(RegistrationTest.java:37)

