<?xml version="1.0" encoding="UTF-8"?>
<testsuite xmlns:xsi="http://www.w3.org/2001/XMLSchema-instance" xsi:noNamespaceSchemaLocation="https://maven.apache.org/surefire/maven-surefire-plugin/xsd/surefire-test-report.xsd" name="SwitchTest" time="14.985" tests="6" errors="6" skipped="0" failures="0">
  <properties>
[...]
</properties>
  <testcase name="exitFromAccount" classname="SwitchTest" time="5.016">
    <error message="Could not start a new session. Response code 500. Message: session not created: This version of ChromeDriver only supports Chrome version 138&#10;Current browser version is 137.0.7151.120 with binary path /Applications/Google Chrome.app/Contents/MacOS/Google Chrome &#10;Host info: host: &apos;113838797in&apos;, ip: &apos;fe80:0:0:0:82c:f35a:aa87:c238%en0&apos;&#10;Build info: version: &apos;4.15.0&apos;, revision: &apos;1d14b5521b&apos;&#10;System info: os.name: &apos;Mac OS X&apos;, os.arch: &apos;x86_64&apos;, os.version: &apos;14.2.1&apos;, java.version: &apos;11.0.26&apos;&#10;Driver info: org.openqa.selenium.chrome.ChromeDriver&#10;Command: [null, newSession {capabilities=[Capabilities {browserName: chrome, goog:chromeOptions: {args: [], binary: /Applications/Google Chrome..., extensions: []}}]}]" type="org.openqa.selenium.SessionNotCreatedException">org.openqa.selenium.SessionNotCreatedException: 
Could not start a new session. Response code 500. Message: session not created: This version of ChromeDriver only supports Chrome version 138
Current browser version is 137.0.7151.120 with binary path /Applications/Google Chrome.app/Contents/MacOS/Google Chrome 
Host info: host: '113838797in', ip: 'fe80:0:0:0:82c:f35a:aa87:c238%en0'
Build info: version: '4.15.0', revision: '1d14b5521b'
System info: os.name: 'Mac OS X', os.arch: 'x86_64', os.version: '14.2.1', java.version: '11.0.26'
Driver info: org.openqa.selenium.chrome.ChromeDriver
Command: [null, newSession {capabilities=[Capabilities {browserName: chrome, goog:chromeOptions: {args: [], binary: /Applications/Google Chrome..., extensions: []}}]}]
	at SwitchTest.setup(SwitchTest.java:22)
</error>
    <system-err><![CDATA[июн. 29, 2025 3:44:54 PM org.openqa.selenium.manager.SeleniumManager lambda$runCommand$1
WARNING: The chromedriver version (138.0.7204.49) detected in PATH at /opt/homebrew/bin/chromedriver might not be compatible with the detected chrome version (137.0.7151.120); currently, chromedriver 137.0.7151.119 is recommended for chrome 137.*, so it is advised to delete the driver in PATH and retry
]]></system-err>
  </testcase>
  <testcase name="exitFromAccount" classname="SwitchTest" time="5.016">
    <error type="java.lang.NullPointerException">java.lang.NullPointerException
	at SwitchTest.teardown(SwitchTest.java:81)
</error>
  </testcase>
  <testcase name="clickOnLogoFromAccount" classname="SwitchTest" time="4.972">
    <error message="Could not start a new session. Response code 500. Message: session not created: This version of ChromeDriver only supports Chrome version 138&#10;Current browser version is 137.0.7151.120 with binary path /Applications/Google Chrome.app/Contents/MacOS/Google Chrome &#10;Host info: host: &apos;113838797in&apos;, ip: &apos;fe80:0:0:0:82c:f35a:aa87:c238%en0&apos;&#10;Build info: version: &apos;4.15.0&apos;, revision: &apos;1d14b5521b&apos;&#10;System info: os.name: &apos;Mac OS X&apos;, os.arch: &apos;x86_64&apos;, os.version: &apos;14.2.1&apos;, java.version: &apos;11.0.26&apos;&#10;Driver info: org.openqa.selenium.chrome.ChromeDriver&#10;Command: [null, newSession {capabilities=[Capabilities {browserName: chrome, goog:chromeOptions: {args: [], binary: /Applications/Google Chrome..., extensions: []}}]}]" type="org.openqa.selenium.SessionNotCreatedException">org.openqa.selenium.SessionNotCreatedException: 
Could not start a new session. Response code 500. Message: session not created: This version of ChromeDriver only supports Chrome version 138
Current browser version is 137.0.7151.120 with binary path /Applications/Google Chrome.app/Contents/MacOS/Google Chrome 
Host info: host: '113838797in', ip: 'fe80:0:0:0:82c:f35a:aa87:c238%en0'
Build info: version: '4.15.0', revision: '1d14b5521b'
System info: os.name: 'Mac OS X', os.arch: 'x86_64', os.version: '14.2.1', java.version: '11.0.26'
Driver info: org.openqa.selenium.chrome.ChromeDriver
Command: [null, newSession {capabilities=[Capabilities {browserName: chrome, goog:chromeOptions: {args: [], binary: /Applications/Google Chrome..., extensions: []}}]}]
	at SwitchTest.setup(SwitchTest.java:22)
</error>
    <system-err><![CDATA[июн. 29, 2025 3:44:59 PM org.openqa.selenium.manager.SeleniumManager lambda$runCommand$1
WARNING: The chromedriver version (138.0.7204.49) detected in PATH at /opt/homebrew/bin/chromedriver might not be compatible with the detected chrome version (137.0.7151.120); currently, chromedriver 137.0.7151.119 is recommended for chrome 137.*, so it is advised to delete the driver in PATH and retry
]]></system-err>
  </testcase>
  <testcase name="clickOnLogoFromAccount" classname="SwitchTest" time="4.972">
    <error type="java.lang.NullPointerException">java.lang.NullPointerException
	at SwitchTest.teardown(SwitchTest.java:81)
</error>
  </testcase>
  <testcase name="clickOnConstructorFromAccount" classname="SwitchTest" time="4.99">
    <error message="Could not start a new session. Response code 500. Message: session not created: This version of ChromeDriver only supports Chrome version 138&#10;Current browser version is 137.0.7151.120 with binary path /Applications/Google Chrome.app/Contents/MacOS/Google Chrome &#10;Host info: host: &apos;113838797in&apos;, ip: &apos;fe80:0:0:0:82c:f35a:aa87:c238%en0&apos;&#10;Build info: version: &apos;4.15.0&apos;, revision: &apos;1d14b5521b&apos;&#10;System info: os.name: &apos;Mac OS X&apos;, os.arch: &apos;x86_64&apos;, os.version: &apos;14.2.1&apos;, java.version: &apos;11.0.26&apos;&#10;Driver info: org.openqa.selenium.chrome.ChromeDriver&#10;Command: [null, newSession {capabilities=[Capabilities {browserName: chrome, goog:chromeOptions: {args: [], binary: /Applications/Google Chrome..., extensions: []}}]}]" type="org.openqa.selenium.SessionNotCreatedException">org.openqa.selenium.SessionNotCreatedException: 
Could not start a new session. Response code 500. Message: session not created: This version of ChromeDriver only supports Chrome version 138
Current browser version is 137.0.7151.120 with binary path /Applications/Google Chrome.app/Contents/MacOS/Google Chrome 
Host info: host: '113838797in', ip: 'fe80:0:0:0:82c:f35a:aa87:c238%en0'
Build info: version: '4.15.0', revision: '1d14b5521b'
System info: os.name: 'Mac OS X', os.arch: 'x86_64', os.version: '14.2.1', java.version: '11.0.26'
Driver info: org.openqa.selenium.chrome.ChromeDriver
Command: [null, newSession {capabilities=[Capabilities {browserName: chrome, goog:chromeOptions: {args: [], binary: /Applications/Google Chrome..., extensions: []}}]}]
	at SwitchTest.setup(SwitchTest.java:22)
</error>
    <system-err><![CDATA[июн. 29, 2025 3:45:04 PM org.openqa.selenium.manager.SeleniumManager lambda$runCommand$1
WARNING: The chromedriver version (138.0.7204.49) detected in PATH at /opt/homebrew/bin/chromedriver might not be compatible with the detected chrome version (137.0.7151.120); currently, chromedriver 137.0.7151.119 is recommended for chrome 137.*, so it is advised to delete the driver in PATH and retry
]]></system-err>
  </testcase>
  <testcase name="clickOnConstructorFromAccount" classname="SwitchTest" time="4.993">
    <error type="java.lang.NullPointerException">java.lang.NullPointerException
	at SwitchTest.teardown(SwitchTest.java:81)
</error>
  </testcase>
</testsuite>